
> path@1.0.0 evm:deploy:local:eth
> npm --prefix evm run deploy:local:eth


> deploy:local:eth
> hardhat run scripts/deploy-local-eth.js --network localhost


[deploy-local-eth] deployment saved to /Users/bigu/Projects/path/bundles/devnet/devnet-deploy-20260302T124522Z/deployments/localhost-eth.json
{
  "network": "localhost",
  "chainId": 31337,
  "deployer": "0xf39Fd6e51aad88F6F4ce6aB8827279cffFb92266",
  "treasury": "0x3C44CdDdB6a900fa2b585dd299e03d12FA4293BC",
  "paymentToken": "0x0000000000000000000000000000000000000000",
  "contracts": {
    "pathNft": "0x68B1D87F95878fE05B998F19b66F4baba5De1aed",
    "pathMinter": "0x3Aa5ebB10DC797CAC828524e59A333d0A371443c",
    "pathMinterAdapter": "0xc6e7DF5E7b4f2A278906862b61205850344D4e7d",
    "pulseAuction": "0x59b670e9fA9D0A427751Af201D676719a970857b"
  },
  "deployTxs": {
    "pathNft": "0xe2de0d36f569a5d5c96b167c42708d3c01fb42709dafb7fc236c6e80479b02f3",
    "pathMinter": "0x9b653d91ea8b2caf199a441658547ad48cb281bb417fbaab8e86f79f3b48e239",
    "pathMinterAdapter": "0xb2dd4669f9b3996f63fec7bf2e97041ee731692d387469ceff3ea0670c719e4e",
    "pulseAuction": "0x9b230b2abbead362f4f666d5a38b42e9c00f024bffe1d88c440cf84f35a4dd07"
  },
  "codeHashes": {
    "pathNft": "0x01b78780ec88f00cc124432143dd6c908916fc1d8f18e4c58444cf5cda12a92c",
    "pathMinter": "0xd372ed77e2c4818aa70c3ed22331c75a2a1405fe82174a01788243259a552ab0",
    "pathMinterAdapter": "0xe87f7898988197abc1eec005cebf09964e5698c00822b84cc54a6a15a6a42e7a",
    "pulseAuction": "0x7ba80e18385867a40dcddf048c377965da3bdaaaf1a9d5a5c19db549468e8234"
  },
  "config": {
    "name": "PATH NFT",
    "symbol": "PATH",
    "baseUri": "",
    "startDelaySec": "0",
    "k": "600",
    "genesisPrice": "1000",
    "genesisFloor": "900",
    "pts": "1",
    "firstPublicId": "1",
    "tokenBase": "1",
    "epochBase": "1",
    "reservedCap": "3"
  },
  "roles": {
    "minterRole": "0x9f2df0fed2c77648de5860a4cc508cd0818c85b8b8a1ab4ceeef8d981c8956a6",
    "salesRole": "0xdeccffc5821b949817830292498e44ccb6097e4b74ff2f2db960723873324def"
  }
}
